<?xml version="1.0" encoding="UTF-8"?>
<!-- Generated by org.testng.reporters.JUnitReportReporter -->
<testsuite hostname="ip-192-168-0-104.ap-south-1.compute.internal" failures="0" tests="2" name="mamaEarth_GET.firstGet" time="2.055" errors="0" timestamp="2022-07-18T11:07:07 IST" skipped="0">
  <testcase classname="mamaEarth_GET.firstGet" name="test_2" time="0.706"/>
  <system-out/>
  <testcase classname="mamaEarth_GET.firstGet" name="test_1" time="1.349"/>
  <system-out/>
</testsuite> <!-- mamaEarth_GET.firstGet -->
