<?xml version="1.0" encoding="UTF-8"?>
<!-- Generated by org.testng.reporters.JUnitReportReporter -->
<testsuite hostname="ip-192-168-0-104.ap-south-1.compute.internal" failures="0" tests="5" name="Flipkart_UI_TestCases.TestFlipkart_UI_Login" time="7.220" errors="0" timestamp="2022-07-19T12:04:57 IST" skipped="0">
  <testcase classname="Flipkart_UI_TestCases.TestFlipkart_UI_Login" name="get_logInPage_title" time="0.013"/>
  <system-out/>
  <testcase classname="Flipkart_UI_TestCases.TestFlipkart_UI_Login" name="logIn" time="0.109"/>
  <system-out/>
  <testcase classname="Flipkart_UI_TestCases.TestFlipkart_UI_Login" name="click_on_fashion_mensTopWear_All" time="0.496"/>
  <system-out/>
  <testcase classname="Flipkart_UI_TestCases.TestFlipkart_UI_Login" name="click_on_filter" time="6.116"/>
  <system-out/>
  <testcase classname="Flipkart_UI_TestCases.TestFlipkart_UI_Login" name="test_product_sequence" time="0.486"/>
  <system-out/>
</testsuite> <!-- Flipkart_UI_TestCases.TestFlipkart_UI_Login -->
